[debug] [2021-07-10T03:21:18.839Z] ----------------------------------------------------------------------
[debug] [2021-07-10T03:21:18.842Z] Command:       C:\Program Files\nodejs\node.exe C:\Users\Dhaval\AppData\Roaming\npm\node_modules\firebase-tools\lib\bin\firebase.js deploy
[debug] [2021-07-10T03:21:18.843Z] CLI Version:   9.16.0
[debug] [2021-07-10T03:21:18.843Z] Platform:      win32
[debug] [2021-07-10T03:21:18.843Z] Node Version:  v14.17.0
[debug] [2021-07-10T03:21:18.845Z] Time:          Fri Jul 09 2021 23:21:18 GMT-0400 (Eastern Daylight Time)
[debug] [2021-07-10T03:21:18.845Z] ----------------------------------------------------------------------
[debug] 
[debug] [2021-07-10T03:21:18.966Z] > command requires scopes: ["email","openid","https://www.googleapis.com/auth/cloudplatformprojects.readonly","https://www.googleapis.com/auth/firebase","https://www.googleapis.com/auth/cloud-platform"]
[debug] [2021-07-10T03:21:18.967Z] > authorizing via signed-in user (dathanki@lakeheadu.ca)
[debug] [2021-07-10T03:21:18.967Z] [iam] checking project reactchatdemo-10ce2 for permissions ["cloudfunctions.functions.create","cloudfunctions.functions.delete","cloudfunctions.functions.get","cloudfunctions.functions.list","cloudfunctions.functions.update","cloudfunctions.operations.get","firebase.projects.get","firebasehosting.sites.update"]
[debug] [2021-07-10T03:21:18.970Z] >>> HTTP REQUEST POST https://cloudresourcemanager.googleapis.com/v1/projects/reactchatdemo-10ce2:testIamPermissions  
 {"permissions":["cloudfunctions.functions.create","cloudfunctions.functions.delete","cloudfunctions.functions.get","cloudfunctions.functions.list","cloudfunctions.functions.update","cloudfunctions.operations.get","firebase.projects.get","firebasehosting.sites.update"]}
[debug] [2021-07-10T03:21:19.201Z] <<< HTTP RESPONSE 200 {"content-type":"application/json; charset=UTF-8","vary":"X-Origin, Referer, Origin,Accept-Encoding","date":"Sat, 10 Jul 2021 03:21:19 GMT","server":"ESF","cache-control":"private","x-xss-protection":"0","x-frame-options":"SAMEORIGIN","x-content-type-options":"nosniff","server-timing":"gfet4t7; dur=150","alt-svc":"h3=\":443\"; ma=2592000,h3-29=\":443\"; ma=2592000,h3-T051=\":443\"; ma=2592000,h3-Q050=\":443\"; ma=2592000,h3-Q046=\":443\"; ma=2592000,h3-Q043=\":443\"; ma=2592000,quic=\":443\"; ma=2592000; v=\"46,43\"","accept-ranges":"none","transfer-encoding":"chunked"}
[debug] [2021-07-10T03:21:19.203Z] >>> HTTP REQUEST POST https://iam.googleapis.com/v1/projects/reactchatdemo-10ce2/serviceAccounts/reactchatdemo-10ce2@appspot.gserviceaccount.com:testIamPermissions  
 {"permissions":["iam.serviceAccounts.actAs"]}
[debug] [2021-07-10T03:21:19.415Z] <<< HTTP RESPONSE 200 {"content-type":"application/json; charset=UTF-8","vary":"X-Origin, Referer, Origin,Accept-Encoding","date":"Sat, 10 Jul 2021 03:21:19 GMT","server":"ESF","cache-control":"private","x-xss-protection":"0","x-frame-options":"SAMEORIGIN","x-content-type-options":"nosniff","alt-svc":"h3=\":443\"; ma=2592000,h3-29=\":443\"; ma=2592000,h3-T051=\":443\"; ma=2592000,h3-Q050=\":443\"; ma=2592000,h3-Q046=\":443\"; ma=2592000,h3-Q043=\":443\"; ma=2592000,quic=\":443\"; ma=2592000; v=\"46,43\"","accept-ranges":"none","transfer-encoding":"chunked"}
[debug] [2021-07-10T03:21:19.417Z] > refreshing access token with scopes: []
[debug] [2021-07-10T03:21:19.418Z] >>> HTTP REQUEST POST https://www.googleapis.com/oauth2/v3/token  
 <request body omitted>
[debug] [2021-07-10T03:21:19.506Z] <<< HTTP RESPONSE 200 {"pragma":"no-cache","date":"Sat, 10 Jul 2021 03:21:19 GMT","expires":"Mon, 01 Jan 1990 00:00:00 GMT","cache-control":"no-cache, no-store, max-age=0, must-revalidate","content-type":"application/json; charset=utf-8","vary":"X-Origin, Referer, Origin,Accept-Encoding","server":"scaffolding on HTTPServer2","x-xss-protection":"0","x-frame-options":"SAMEORIGIN","x-content-type-options":"nosniff","alt-svc":"h3=\":443\"; ma=2592000,h3-29=\":443\"; ma=2592000,h3-T051=\":443\"; ma=2592000,h3-Q050=\":443\"; ma=2592000,h3-Q046=\":443\"; ma=2592000,h3-Q043=\":443\"; ma=2592000,quic=\":443\"; ma=2592000; v=\"46,43\"","accept-ranges":"none","transfer-encoding":"chunked"}
[debug] [2021-07-10T03:21:19.527Z] >>> [apiv2][query] GET https://firebase.googleapis.com/v1beta1/projects/reactchatdemo-10ce2 [none]
[debug] [2021-07-10T03:21:19.703Z] <<< [apiv2][status] GET https://firebase.googleapis.com/v1beta1/projects/reactchatdemo-10ce2 200
[debug] [2021-07-10T03:21:19.704Z] <<< [apiv2][body] GET https://firebase.googleapis.com/v1beta1/projects/reactchatdemo-10ce2 {"projectId":"reactchatdemo-10ce2","projectNumber":"995871155704","displayName":"ReactChatDemo","name":"projects/reactchatdemo-10ce2","resources":{"hostingSite":"reactchatdemo-10ce2","storageBucket":"reactchatdemo-10ce2.appspot.com","locationId":"us-central"},"state":"ACTIVE"}
[info] 
[info] === Deploying to 'reactchatdemo-10ce2'...
[info] 
[info] i  deploying functions, hosting 
[debug] [2021-07-10T03:21:19.710Z] Validating nodejs source
[debug] [2021-07-10T03:21:23.118Z] > [functions] package.json contents: {
  "name": "functions",
  "description": "Cloud Functions for Firebase",
  "scripts": {
    "serve": "firebase emulators:start --only functions",
    "shell": "firebase functions:shell",
    "start": "npm run shell",
    "deploy": "firebase deploy --only functions",
    "logs": "firebase functions:log"
  },
  "engines": {
    "node": "14"
  },
  "main": "index.js",
  "dependencies": {
    "firebase-admin": "^9.8.0",
    "firebase-functions": "^3.14.1"
  },
  "devDependencies": {
    "firebase-functions-test": "^0.2.0"
  },
  "private": true
}
[debug] [2021-07-10T03:21:23.118Z] Building nodejs source
[info] i  functions: ensuring required API cloudfunctions.googleapis.com is enabled... 
[debug] [2021-07-10T03:21:23.119Z] > refreshing access token with scopes: ["email","https://www.googleapis.com/auth/cloud-platform","https://www.googleapis.com/auth/cloudplatformprojects.readonly","https://www.googleapis.com/auth/firebase","openid"]
[debug] [2021-07-10T03:21:23.120Z] >>> HTTP REQUEST POST https://www.googleapis.com/oauth2/v3/token  
 <request body omitted>
[debug] [2021-07-10T03:21:23.120Z] > refreshing access token with scopes: ["email","https://www.googleapis.com/auth/cloud-platform","https://www.googleapis.com/auth/cloudplatformprojects.readonly","https://www.googleapis.com/auth/firebase","openid"]
[debug] [2021-07-10T03:21:23.120Z] >>> HTTP REQUEST POST https://www.googleapis.com/oauth2/v3/token  
 <request body omitted>
[info] i  functions: ensuring required API cloudbuild.googleapis.com is enabled... 
[debug] [2021-07-10T03:21:23.122Z] > refreshing access token with scopes: ["email","https://www.googleapis.com/auth/cloud-platform","https://www.googleapis.com/auth/cloudplatformprojects.readonly","https://www.googleapis.com/auth/firebase","openid"]
[debug] [2021-07-10T03:21:23.122Z] >>> HTTP REQUEST POST https://www.googleapis.com/oauth2/v3/token  
 <request body omitted>
[debug] [2021-07-10T03:21:23.253Z] <<< HTTP RESPONSE 200 {"date":"Sat, 10 Jul 2021 03:21:23 GMT","expires":"Mon, 01 Jan 1990 00:00:00 GMT","pragma":"no-cache","cache-control":"no-cache, no-store, max-age=0, must-revalidate","content-type":"application/json; charset=utf-8","vary":"X-Origin, Referer, Origin,Accept-Encoding","server":"scaffolding on HTTPServer2","x-xss-protection":"0","x-frame-options":"SAMEORIGIN","x-content-type-options":"nosniff","alt-svc":"h3=\":443\"; ma=2592000,h3-29=\":443\"; ma=2592000,h3-T051=\":443\"; ma=2592000,h3-Q050=\":443\"; ma=2592000,h3-Q046=\":443\"; ma=2592000,h3-Q043=\":443\"; ma=2592000,quic=\":443\"; ma=2592000; v=\"46,43\"","accept-ranges":"none","transfer-encoding":"chunked"}
[debug] [2021-07-10T03:21:23.262Z] >>> HTTP REQUEST GET https://serviceusage.googleapis.com/v1/projects/reactchatdemo-10ce2/services/runtimeconfig.googleapis.com  
 
[debug] [2021-07-10T03:21:23.264Z] <<< HTTP RESPONSE 200 {"date":"Sat, 10 Jul 2021 03:21:23 GMT","expires":"Mon, 01 Jan 1990 00:00:00 GMT","pragma":"no-cache","cache-control":"no-cache, no-store, max-age=0, must-revalidate","content-type":"application/json; charset=utf-8","vary":"X-Origin, Referer, Origin,Accept-Encoding","server":"scaffolding on HTTPServer2","x-xss-protection":"0","x-frame-options":"SAMEORIGIN","x-content-type-options":"nosniff","alt-svc":"h3=\":443\"; ma=2592000,h3-29=\":443\"; ma=2592000,h3-T051=\":443\"; ma=2592000,h3-Q050=\":443\"; ma=2592000,h3-Q046=\":443\"; ma=2592000,h3-Q043=\":443\"; ma=2592000,quic=\":443\"; ma=2592000; v=\"46,43\"","accept-ranges":"none","transfer-encoding":"chunked"}
[debug] [2021-07-10T03:21:23.273Z] >>> HTTP REQUEST GET https://serviceusage.googleapis.com/v1/projects/reactchatdemo-10ce2/services/cloudbuild.googleapis.com  
 
[debug] [2021-07-10T03:21:23.276Z] <<< HTTP RESPONSE 200 {"cache-control":"no-cache, no-store, max-age=0, must-revalidate","date":"Sat, 10 Jul 2021 03:21:23 GMT","expires":"Mon, 01 Jan 1990 00:00:00 GMT","pragma":"no-cache","content-type":"application/json; charset=utf-8","vary":"X-Origin, Referer, Origin,Accept-Encoding","server":"scaffolding on HTTPServer2","x-xss-protection":"0","x-frame-options":"SAMEORIGIN","x-content-type-options":"nosniff","alt-svc":"h3=\":443\"; ma=2592000,h3-29=\":443\"; ma=2592000,h3-T051=\":443\"; ma=2592000,h3-Q050=\":443\"; ma=2592000,h3-Q046=\":443\"; ma=2592000,h3-Q043=\":443\"; ma=2592000,quic=\":443\"; ma=2592000; v=\"46,43\"","accept-ranges":"none","transfer-encoding":"chunked"}
[debug] [2021-07-10T03:21:23.285Z] >>> HTTP REQUEST GET https://serviceusage.googleapis.com/v1/projects/reactchatdemo-10ce2/services/cloudfunctions.googleapis.com  
 
[debug] [2021-07-10T03:21:23.619Z] <<< HTTP RESPONSE 200 {"content-type":"application/json; charset=UTF-8","vary":"X-Origin, Referer, Origin,Accept-Encoding","date":"Sat, 10 Jul 2021 03:21:23 GMT","server":"ESF","cache-control":"private","x-xss-protection":"0","x-frame-options":"SAMEORIGIN","x-content-type-options":"nosniff","alt-svc":"h3=\":443\"; ma=2592000,h3-29=\":443\"; ma=2592000,h3-T051=\":443\"; ma=2592000,h3-Q050=\":443\"; ma=2592000,h3-Q046=\":443\"; ma=2592000,h3-Q043=\":443\"; ma=2592000,quic=\":443\"; ma=2592000; v=\"46,43\"","accept-ranges":"none","transfer-encoding":"chunked"}
[info] +  functions: required API cloudbuild.googleapis.com is enabled 
[debug] [2021-07-10T03:21:23.649Z] <<< HTTP RESPONSE 200 {"content-type":"application/json; charset=UTF-8","vary":"X-Origin, Referer, Origin,Accept-Encoding","date":"Sat, 10 Jul 2021 03:21:23 GMT","server":"ESF","cache-control":"private","x-xss-protection":"0","x-frame-options":"SAMEORIGIN","x-content-type-options":"nosniff","alt-svc":"h3=\":443\"; ma=2592000,h3-29=\":443\"; ma=2592000,h3-T051=\":443\"; ma=2592000,h3-Q050=\":443\"; ma=2592000,h3-Q046=\":443\"; ma=2592000,h3-Q043=\":443\"; ma=2592000,quic=\":443\"; ma=2592000; v=\"46,43\"","accept-ranges":"none","transfer-encoding":"chunked"}
[debug] [2021-07-10T03:21:23.662Z] <<< HTTP RESPONSE 200 {"content-type":"application/json; charset=UTF-8","vary":"X-Origin, Referer, Origin,Accept-Encoding","date":"Sat, 10 Jul 2021 03:21:23 GMT","server":"ESF","cache-control":"private","x-xss-protection":"0","x-frame-options":"SAMEORIGIN","x-content-type-options":"nosniff","alt-svc":"h3=\":443\"; ma=2592000,h3-29=\":443\"; ma=2592000,h3-T051=\":443\"; ma=2592000,h3-Q050=\":443\"; ma=2592000,h3-Q046=\":443\"; ma=2592000,h3-Q043=\":443\"; ma=2592000,quic=\":443\"; ma=2592000; v=\"46,43\"","accept-ranges":"none","transfer-encoding":"chunked"}
[info] +  functions: required API cloudfunctions.googleapis.com is enabled 
[debug] [2021-07-10T03:21:23.663Z] >>> HTTP REQUEST GET https://firebase.googleapis.com/v1beta1/projects/reactchatdemo-10ce2/adminSdkConfig  
 
[debug] [2021-07-10T03:21:23.849Z] <<< HTTP RESPONSE 200 {"content-type":"application/json; charset=UTF-8","vary":"X-Origin, Referer, Origin,Accept-Encoding","date":"Sat, 10 Jul 2021 03:21:24 GMT","server":"ESF","cache-control":"private","x-xss-protection":"0","x-frame-options":"SAMEORIGIN","x-content-type-options":"nosniff","alt-svc":"h3=\":443\"; ma=2592000,h3-29=\":443\"; ma=2592000,h3-T051=\":443\"; ma=2592000,h3-Q050=\":443\"; ma=2592000,h3-Q046=\":443\"; ma=2592000,h3-Q043=\":443\"; ma=2592000,quic=\":443\"; ma=2592000; v=\"46,43\"","accept-ranges":"none","transfer-encoding":"chunked"}
[debug] [2021-07-10T03:21:23.850Z] >>> HTTP REQUEST GET https://runtimeconfig.googleapis.com/v1beta1/projects/reactchatdemo-10ce2/configs  
 
[debug] [2021-07-10T03:21:24.274Z] <<< HTTP RESPONSE 200 {"content-type":"application/json; charset=UTF-8","vary":"X-Origin, Referer, Origin,Accept-Encoding","date":"Sat, 10 Jul 2021 03:21:24 GMT","server":"ESF","cache-control":"private","x-xss-protection":"0","x-frame-options":"SAMEORIGIN","x-content-type-options":"nosniff","alt-svc":"h3=\":443\"; ma=2592000,h3-29=\":443\"; ma=2592000,h3-T051=\":443\"; ma=2592000,h3-Q050=\":443\"; ma=2592000,h3-Q046=\":443\"; ma=2592000,h3-Q043=\":443\"; ma=2592000,quic=\":443\"; ma=2592000; v=\"46,43\"","accept-ranges":"none","transfer-encoding":"chunked"}
[debug] [2021-07-10T03:21:24.274Z] Analyzing nodejs backend spec
[debug] [2021-07-10T03:21:24.492Z] >>> HTTP REQUEST POST https://firebasehosting.googleapis.com/v1beta1/sites/reactchatdemo-10ce2/versions  
 {"config":{"rewrites":[{"glob":"**","path":"/index.html"}]},"labels":{"deployment-tool":"cli-firebase"}}
[debug] [2021-07-10T03:21:24.972Z] <<< HTTP RESPONSE 200 {"content-type":"application/json; charset=UTF-8","vary":"X-Origin, Referer, Origin,Accept-Encoding","date":"Sat, 10 Jul 2021 03:21:25 GMT","server":"ESF","cache-control":"private","x-xss-protection":"0","x-frame-options":"SAMEORIGIN","x-content-type-options":"nosniff","alt-svc":"h3=\":443\"; ma=2592000,h3-29=\":443\"; ma=2592000,h3-T051=\":443\"; ma=2592000,h3-Q050=\":443\"; ma=2592000,h3-Q046=\":443\"; ma=2592000,h3-Q043=\":443\"; ma=2592000,quic=\":443\"; ma=2592000; v=\"46,43\"","accept-ranges":"none","transfer-encoding":"chunked"}
[debug] [2021-07-10T03:21:24.974Z] >>> HTTP REQUEST GET https://cloudfunctions.googleapis.com/v1/projects/reactchatdemo-10ce2/locations/-/functions  
 
[debug] [2021-07-10T03:21:25.347Z] <<< HTTP RESPONSE 200 {"content-type":"application/json; charset=UTF-8","vary":"X-Origin, Referer, Origin,Accept-Encoding","date":"Sat, 10 Jul 2021 03:21:25 GMT","server":"ESF","cache-control":"private","x-xss-protection":"0","x-frame-options":"SAMEORIGIN","x-content-type-options":"nosniff","alt-svc":"h3=\":443\"; ma=2592000,h3-29=\":443\"; ma=2592000,h3-T051=\":443\"; ma=2592000,h3-Q050=\":443\"; ma=2592000,h3-Q046=\":443\"; ma=2592000,h3-Q043=\":443\"; ma=2592000,quic=\":443\"; ma=2592000; v=\"46,43\"","accept-ranges":"none","transfer-encoding":"chunked"}
[info] i  hosting[reactchatdemo-10ce2]: beginning deploy... 
[info] i  hosting[reactchatdemo-10ce2]: found 18 files in build 
[debug] [2021-07-10T03:21:25.371Z] > refreshing access token with scopes: []
[debug] [2021-07-10T03:21:25.371Z] >>> HTTP REQUEST POST https://www.googleapis.com/oauth2/v3/token  
 <request body omitted>
[debug] [2021-07-10T03:21:25.373Z] [hosting] hash cache [YnVpbGQ] stored for 18 files
[debug] [2021-07-10T03:21:25.373Z] [hosting][hash queue][FINAL] {"max":4,"min":0,"avg":0,"active":0,"complete":18,"success":18,"errored":0,"retried":0,"total":18,"elapsed":7}
[debug] [2021-07-10T03:21:25.481Z] <<< HTTP RESPONSE 200 {"pragma":"no-cache","date":"Sat, 10 Jul 2021 03:21:25 GMT","expires":"Mon, 01 Jan 1990 00:00:00 GMT","cache-control":"no-cache, no-store, max-age=0, must-revalidate","content-type":"application/json; charset=utf-8","vary":"X-Origin, Referer, Origin,Accept-Encoding","server":"scaffolding on HTTPServer2","x-xss-protection":"0","x-frame-options":"SAMEORIGIN","x-content-type-options":"nosniff","alt-svc":"h3=\":443\"; ma=2592000,h3-29=\":443\"; ma=2592000,h3-T051=\":443\"; ma=2592000,h3-Q050=\":443\"; ma=2592000,h3-Q046=\":443\"; ma=2592000,h3-Q043=\":443\"; ma=2592000,quic=\":443\"; ma=2592000; v=\"46,43\"","accept-ranges":"none","transfer-encoding":"chunked"}
[debug] [2021-07-10T03:21:25.499Z] >>> [apiv2][query] POST https://firebasehosting.googleapis.com/v1beta1/sites/reactchatdemo-10ce2/versions/6888e38e5936a432:populateFiles [none]
[debug] [2021-07-10T03:21:25.499Z] >>> [apiv2][body] POST https://firebasehosting.googleapis.com/v1beta1/sites/reactchatdemo-10ce2/versions/6888e38e5936a432:populateFiles {"files":{"/asset-manifest.json":"290df35cce6c2fbf40f6a4c0808435f2f53aa5ef0604cd54d0cedf92065da658","/favicon.ico":"eae62e993eb980ec8a25058c39d5a51feab118bd2100c4deebb2a9c158ec11f9","/index.html":"b81584348fef40fa2c02c0dbba92eb9f8bf22ce555a01874306f7cba076d47c7","/logo192.png":"3ee59515172ee198f3be375979df15ac5345183e656720a381b8872b2a39dc8b","/logo512.png":"ee7e2f3fdb8209c4b6fd7bef6ba50d1b9dba30a25bb5c3126df057e1cb6f5331","/manifest.json":"aff3449bdc238776f5d6d967f19ec491b36aed5fb7f23ccff6500736fd58494a","/robots.txt":"bfe106a3fb878dc83461c86818bf74fc1bdc7f28538ba613cd3e775516ce8b49","/static/css/main.4daad71d.chunk.css":"f8d490e29470d54b785261c3888a2ba270e42e0516fd1b45ed0a8ac310838aa5","/static/css/main.4daad71d.chunk.css.map":"a7ba2e849c952d1f1b5a0ffda7666c0c7e52465fe9f89e955817b81d0c20022e","/static/js/2.e9ab8234.chunk.js":"6515a4287052a4c73a23121529d921400ac176e7bc3a3f647d11548ccea39b7a","/static/js/2.e9ab8234.chunk.js.LICENSE.txt":"b1f57c66c2442eac982a377351e1a852086bc9b97cd53847828a27bd6932bf5d","/static/js/2.e9ab8234.chunk.js.map":"b45874aefc040374dfe83f621740509477f8b120d861207c42f01118d0a95eae","/static/js/3.a881b5d0.chunk.js":"60112c13880473cb3820bf0c2c93aaaa61819b76c529e4995e5d88b0ca81b717","/static/js/3.a881b5d0.chunk.js.map":"0dd23333df94269ae4cf03f26add79a65355097dd0a4c326ef669be242af73f7","/static/js/main.f64f37c2.chunk.js":"22626128dfb861ce3aa5c6cd448607f3afaa6f885e6ed9009fcbef15005bf9d5","/static/js/main.f64f37c2.chunk.js.map":"1c19c257a50469d7b842b51104cac1c6eb25edad0d213082a43e8cb1a6a2a35e","/static/js/runtime-main.1c45a449.js":"d61d6446f750c7157b6997492a8b88b67d2005e14bc58e316373330baf1ca00d","/static/js/runtime-main.1c45a449.js.map":"ee46e81e5137fa216b452b12ace4326bc22d54862a7d0c12ef04640e41572266"}}
[debug] [2021-07-10T03:21:25.784Z] <<< [apiv2][status] POST https://firebasehosting.googleapis.com/v1beta1/sites/reactchatdemo-10ce2/versions/6888e38e5936a432:populateFiles 200
[debug] [2021-07-10T03:21:25.785Z] <<< [apiv2][body] POST https://firebasehosting.googleapis.com/v1beta1/sites/reactchatdemo-10ce2/versions/6888e38e5936a432:populateFiles {"uploadUrl":"https://upload-firebasehosting.googleapis.com/upload/sites/reactchatdemo-10ce2/versions/6888e38e5936a432/files"}
[debug] [2021-07-10T03:21:25.785Z] [hosting][populate queue][FINAL] {"max":415,"min":415,"avg":415,"active":0,"complete":1,"success":1,"errored":0,"retried":0,"total":1,"elapsed":415}
[debug] [2021-07-10T03:21:25.785Z] [hosting] uploads queued: 0
[debug] [2021-07-10T03:21:25.786Z] [hosting][upload queue][FINAL] {"max":0,"min":9999999999,"avg":0,"active":0,"complete":0,"success":0,"errored":0,"retried":0,"total":0,"elapsed":1625887285786}
[info] +  hosting[reactchatdemo-10ce2]: file upload complete 
[debug] [2021-07-10T03:21:25.789Z] [hosting] deploy completed after 440ms
[debug] [2021-07-10T03:21:25.864Z] TypeError: Cannot read property 'length' of undefined
    at Object.functionMatchesAnyGroup (C:\Users\Dhaval\AppData\Roaming\npm\node_modules\firebase-tools\lib\deploy\functions\functionsDeployHelper.js:11:23)
    at C:\Users\Dhaval\AppData\Roaming\npm\node_modules\firebase-tools\lib\deploy\functions\deploymentPlanner.js:25:56
    at Array.filter (<anonymous>)
    at calculateRegionalFunctionChanges (C:\Users\Dhaval\AppData\Roaming\npm\node_modules\firebase-tools\lib\deploy\functions\deploymentPlanner.js:25:17)
    at Object.createDeploymentPlan (C:\Users\Dhaval\AppData\Roaming\npm\node_modules\firebase-tools\lib\deploy\functions\deploymentPlanner.js:53:50)
    at release (C:\Users\Dhaval\AppData\Roaming\npm\node_modules\firebase-tools\lib\deploy\functions\release.js:24:48)
    at processTicksAndRejections (internal/process/task_queues.js:95:5)
[error] 
[error] Error: An unexpected error has occurred.
